<?xml version="1.0" encoding="UTF-8"?>
<!-- Generated by org.testng.reporters.JUnitReportReporter -->
<testsuite skipped="0" hostname="LAPTOP-KO317EUS" name="Adhoc.Home_Regression" tests="2" failures="0" timestamp="2020-02-23T10:50:03 PST" time="7.428" errors="0">
  <testcase name="Login" time="4.821" classname="Adhoc.Home_Regression"/>
  <testcase name="Login" time="2.607" classname="Adhoc.Home_Regression"/>
</testsuite> <!-- Adhoc.Home_Regression -->
