<?xml version="1.0" encoding="UTF-8"?>
<!-- Generated by org.testng.reporters.JUnitReportReporter -->
<testsuite skipped="0" hostname="LAPTOP-KO317EUS" name="cummon.browser" tests="1" failures="0" timestamp="2020-02-22T13:21:00 PST" time="0.003" errors="0">
  <testcase name="f" time="0.003" classname="cummon.browser"/>
</testsuite> <!-- cummon.browser -->
